2016-12-04 02:59:12.605+0000 INFO  [o.n.k.i.f.CommunityFacadeFactory] No locking implementation specified, defaulting to 'community'
2016-12-04 02:59:12.610+0000 INFO  [o.n.k.AvailabilityGuard] Requirement makes database unavailable: Database available
2016-12-04 02:59:12.610+0000 INFO  [o.n.k.i.DiagnosticsManager] --- INITIALIZED diagnostics START ---
2016-12-04 02:59:12.611+0000 INFO  [o.n.k.i.DiagnosticsManager] Neo4j Kernel properties:
2016-12-04 02:59:12.611+0000 INFO  [o.n.k.i.DiagnosticsManager] dbms.connector.http.enabled=true
2016-12-04 02:59:12.611+0000 INFO  [o.n.k.i.DiagnosticsManager] dbms.security.auth_enabled=true
2016-12-04 02:59:12.611+0000 INFO  [o.n.k.i.DiagnosticsManager] dbms.connector.bolt.type=BOLT
2016-12-04 02:59:12.611+0000 INFO  [o.n.k.i.DiagnosticsManager] unsupported.dbms.directories.neo4j_home=F:\wneo4j\db_neo4j
2016-12-04 02:59:12.611+0000 INFO  [o.n.k.i.DiagnosticsManager] dbms.directories.import=import
2016-12-04 02:59:12.611+0000 INFO  [o.n.k.i.DiagnosticsManager] dbms.connector.bolt.tls_level=OPTIONAL
2016-12-04 02:59:12.611+0000 INFO  [o.n.k.i.DiagnosticsManager] dbms.shell.enabled=true
2016-12-04 02:59:12.611+0000 INFO  [o.n.k.i.DiagnosticsManager] dbms.connector.http.type=HTTP
2016-12-04 02:59:12.611+0000 INFO  [o.n.k.i.DiagnosticsManager] unsupported.dbms.directories.database=F:\wneo4j\db_neo4j
2016-12-04 02:59:12.611+0000 INFO  [o.n.k.i.DiagnosticsManager] dbms.logs.http.enabled=false
2016-12-04 02:59:12.611+0000 INFO  [o.n.k.i.DiagnosticsManager] unsupported.dbms.security.auth_store.location=data\dbms\auth
2016-12-04 02:59:12.611+0000 INFO  [o.n.k.i.DiagnosticsManager] unsupported.dbms.edition=community
2016-12-04 02:59:12.611+0000 INFO  [o.n.k.i.DiagnosticsManager] dbms.connector.bolt.enabled=true
2016-12-04 02:59:12.611+0000 INFO  [o.n.k.i.DiagnosticsManager] Diagnostics providers:
2016-12-04 02:59:12.611+0000 INFO  [o.n.k.i.DiagnosticsManager] org.neo4j.kernel.configuration.Config
2016-12-04 02:59:12.611+0000 INFO  [o.n.k.i.DiagnosticsManager] org.neo4j.kernel.info.DiagnosticsManager
2016-12-04 02:59:12.611+0000 INFO  [o.n.k.i.DiagnosticsManager] SYSTEM_MEMORY
2016-12-04 02:59:12.611+0000 INFO  [o.n.k.i.DiagnosticsManager] JAVA_MEMORY
2016-12-04 02:59:12.611+0000 INFO  [o.n.k.i.DiagnosticsManager] OPERATING_SYSTEM
2016-12-04 02:59:12.612+0000 INFO  [o.n.k.i.DiagnosticsManager] JAVA_VIRTUAL_MACHINE
2016-12-04 02:59:12.612+0000 INFO  [o.n.k.i.DiagnosticsManager] CLASSPATH
2016-12-04 02:59:12.612+0000 INFO  [o.n.k.i.DiagnosticsManager] LIBRARY_PATH
2016-12-04 02:59:12.612+0000 INFO  [o.n.k.i.DiagnosticsManager] SYSTEM_PROPERTIES
2016-12-04 02:59:12.612+0000 INFO  [o.n.k.i.DiagnosticsManager] NETWORK
2016-12-04 02:59:12.612+0000 INFO  [o.n.k.i.DiagnosticsManager] System memory information:
2016-12-04 02:59:12.612+0000 INFO  [o.n.k.i.DiagnosticsManager] Total Physical memory: 3,90 GB
2016-12-04 02:59:12.612+0000 INFO  [o.n.k.i.DiagnosticsManager] Free Physical memory: 456,55 MB
2016-12-04 02:59:12.612+0000 INFO  [o.n.k.i.DiagnosticsManager] Committed virtual memory: 419,89 MB
2016-12-04 02:59:12.612+0000 INFO  [o.n.k.i.DiagnosticsManager] Total swap space: 7,90 GB
2016-12-04 02:59:12.613+0000 INFO  [o.n.k.i.DiagnosticsManager] Free swap space: 2,44 GB
2016-12-04 02:59:12.613+0000 INFO  [o.n.k.i.DiagnosticsManager] JVM memory information:
2016-12-04 02:59:12.613+0000 INFO  [o.n.k.i.DiagnosticsManager] Free  memory: 104,60 MB
2016-12-04 02:59:12.613+0000 INFO  [o.n.k.i.DiagnosticsManager] Total memory: 212,00 MB
2016-12-04 02:59:12.613+0000 INFO  [o.n.k.i.DiagnosticsManager] Max   memory: 889,00 MB
2016-12-04 02:59:12.613+0000 INFO  [o.n.k.i.DiagnosticsManager] Garbage Collector: PS Scavenge: [PS Eden Space, PS Survivor Space]
2016-12-04 02:59:12.613+0000 INFO  [o.n.k.i.DiagnosticsManager] Garbage Collector: PS MarkSweep: [PS Eden Space, PS Survivor Space, PS Old Gen]
2016-12-04 02:59:12.614+0000 INFO  [o.n.k.i.DiagnosticsManager] Memory Pool: Code Cache (Non-heap memory): committed=16,19 MB, used=16,10 MB, max=240,00 MB, threshold=0,00 B
2016-12-04 02:59:12.614+0000 INFO  [o.n.k.i.DiagnosticsManager] Memory Pool: Metaspace (Non-heap memory): committed=63,75 MB, used=62,66 MB, max=-1,00 B, threshold=0,00 B
2016-12-04 02:59:12.615+0000 INFO  [o.n.k.i.DiagnosticsManager] Memory Pool: Compressed Class Space (Non-heap memory): committed=9,50 MB, used=9,26 MB, max=1,00 GB, threshold=0,00 B
2016-12-04 02:59:12.616+0000 INFO  [o.n.k.i.DiagnosticsManager] Memory Pool: PS Eden Space (Heap memory): committed=100,50 MB, used=77,20 MB, max=306,50 MB, threshold=?
2016-12-04 02:59:12.616+0000 INFO  [o.n.k.i.DiagnosticsManager] Memory Pool: PS Survivor Space (Heap memory): committed=13,50 MB, used=0,00 B, max=13,50 MB, threshold=?
2016-12-04 02:59:12.616+0000 INFO  [o.n.k.i.DiagnosticsManager] Memory Pool: PS Old Gen (Heap memory): committed=98,00 MB, used=30,20 MB, max=667,00 MB, threshold=0,00 B
2016-12-04 02:59:12.616+0000 INFO  [o.n.k.i.DiagnosticsManager] Operating system information:
2016-12-04 02:59:12.617+0000 INFO  [o.n.k.i.DiagnosticsManager] Operating System: Windows 8.1; version: 6.3; arch: amd64; cpus: 4
2016-12-04 02:59:12.618+0000 INFO  [o.n.k.i.DiagnosticsManager] Process id: 13624@WilliamQC
2016-12-04 02:59:12.618+0000 INFO  [o.n.k.i.DiagnosticsManager] Byte order: LITTLE_ENDIAN
2016-12-04 02:59:12.619+0000 INFO  [o.n.k.i.DiagnosticsManager] Local timezone: America/Bogota
2016-12-04 02:59:12.619+0000 INFO  [o.n.k.i.DiagnosticsManager] JVM information:
2016-12-04 02:59:12.619+0000 INFO  [o.n.k.i.DiagnosticsManager] VM Name: Java HotSpot(TM) 64-Bit Server VM
2016-12-04 02:59:12.619+0000 INFO  [o.n.k.i.DiagnosticsManager] VM Vendor: Oracle Corporation
2016-12-04 02:59:12.619+0000 INFO  [o.n.k.i.DiagnosticsManager] VM Version: 25.101-b13
2016-12-04 02:59:12.619+0000 INFO  [o.n.k.i.DiagnosticsManager] JIT compiler: HotSpot 64-Bit Tiered Compilers
2016-12-04 02:59:12.619+0000 INFO  [o.n.k.i.DiagnosticsManager] VM Arguments: [-Dexe4j.semaphoreName=Local\c:_program_files_neo4j_ce_3.0.4_bin_neo4j-ce.exe, -Dexe4j.isInstall4j=true, -Dexe4j.moduleName=C:\Program Files\Neo4j CE 3.0.4\bin\neo4j-ce.exe, -Dexe4j.tempDir=, -Dexe4j.unextractedPosition=0, -Djava.library.path=C:\Python34\;C:\Python34\Scripts;C:\Python\Lib\site-packages;C:\Python\python 35-32;C:\oraclexe\app\oracle\product\11.2.0\server\bin;;C:\cygnus\cygwin-b20\H-i586-cygwin32\bin;bin;C:\Users\HP\tools\apache-maven-3.3.9\bin;C:\Program Files\Java\jdk1.8.0_73\bin;C:\ProgramData\Oracle\Java\javapath;C:\Program Files (x86)\Intel\iCLS Client\;C:\Program Files\Intel\iCLS Client\;C:\Windows\system32;C:\Windows;C:\Windows\System32\Wbem;C:\Windows\System32\WindowsPowerShell\v1.0\;C:\Program Files\Hewlett-Packard\SimplePass\;C:\Program Files\Intel\Intel(R) Management Engine Components\DAL;C:\Program Files (x86)\Intel\Intel(R) Management Engine Components\DAL;C:\Program Files\Intel\Intel(R) Management Engine Components\IPT;C:\Program Files (x86)\Intel\Intel(R) Management Engine Components\IPT;C:\Program Files\Git\cmd;C:\Program Files (x86)\GtkSharp\2.12\bin;C:\Program Files\Perforce\DVCS\;C:\Program Files (x86)\Windows Kits\8.0\Windows Performance Toolkit\;C:\Program Files (x86)\Windows Live\Shared;C:\Program Files\nodejs\;C:\ProgramData\chocolatey\bin;C:\Users\HP\AppData\Roaming\npm;c:\program files\java\jre1.8.0_101\bin, -Dexe4j.consoleCodepage=cp0, -Dinstall4j.launcherId=24, -Dinstall4j.swt=false]
2016-12-04 02:59:12.619+0000 INFO  [o.n.k.i.DiagnosticsManager] Java classpath:
2016-12-04 02:59:12.694+0000 INFO  [o.n.k.i.DiagnosticsManager]  [bootstrap] C:\Program Files\Java\jre1.8.0_101\lib\charsets.jar
2016-12-04 02:59:12.694+0000 INFO  [o.n.k.i.DiagnosticsManager]  [bootstrap] C:\Program Files\Java\jre1.8.0_101\lib\rt.jar
2016-12-04 02:59:12.694+0000 INFO  [o.n.k.i.DiagnosticsManager]  [loader.1] file:/C:/Program%20Files/Java/jre1.8.0_101/lib/ext/jaccess.jar
2016-12-04 02:59:12.694+0000 INFO  [o.n.k.i.DiagnosticsManager]  [loader.1] file:/C:/Program%20Files/Java/jre1.8.0_101/lib/ext/nashorn.jar
2016-12-04 02:59:12.694+0000 INFO  [o.n.k.i.DiagnosticsManager]  [loader.1] file:/C:/Program%20Files/Java/jre1.8.0_101/lib/ext/sunpkcs11.jar
2016-12-04 02:59:12.694+0000 INFO  [o.n.k.i.DiagnosticsManager]  [loader.1] file:/C:/Program%20Files/Java/jre1.8.0_101/lib/ext/dnsns.jar
2016-12-04 02:59:12.694+0000 INFO  [o.n.k.i.DiagnosticsManager]  [loader.1] file:/C:/Program%20Files/Java/jre1.8.0_101/lib/ext/localedata.jar
2016-12-04 02:59:12.694+0000 INFO  [o.n.k.i.DiagnosticsManager]  [bootstrap] C:\Program Files\Java\jre1.8.0_101\lib\jfr.jar
2016-12-04 02:59:12.694+0000 INFO  [o.n.k.i.DiagnosticsManager]  [classpath] C:\Program Files\Neo4j CE 3.0.4\bin\neo4j-desktop-3.0.4.jar
2016-12-04 02:59:12.695+0000 INFO  [o.n.k.i.DiagnosticsManager]  [classpath] C:\Program Files\Neo4j CE 3.0.4\.install4j\i4jruntime.jar
2016-12-04 02:59:12.695+0000 INFO  [o.n.k.i.DiagnosticsManager]  [bootstrap] C:\Program Files\Java\jre1.8.0_101\lib\jce.jar
2016-12-04 02:59:12.695+0000 INFO  [o.n.k.i.DiagnosticsManager]  [loader.1] file:/C:/Program%20Files/Java/jre1.8.0_101/lib/ext/jfxrt.jar
2016-12-04 02:59:12.695+0000 INFO  [o.n.k.i.DiagnosticsManager]  [bootstrap] C:\Program Files\Java\jre1.8.0_101\classes
2016-12-04 02:59:12.695+0000 INFO  [o.n.k.i.DiagnosticsManager]  [loader.0] file:/C:/Program%20Files/Neo4j%20CE%203.0.4/bin/
2016-12-04 02:59:12.695+0000 INFO  [o.n.k.i.DiagnosticsManager]  [loader.1] file:/C:/Program%20Files/Java/jre1.8.0_101/lib/ext/cldrdata.jar
2016-12-04 02:59:12.695+0000 INFO  [o.n.k.i.DiagnosticsManager]  [bootstrap] C:\Program Files\Java\jre1.8.0_101\lib\sunrsasign.jar
2016-12-04 02:59:12.695+0000 INFO  [o.n.k.i.DiagnosticsManager]  [loader.1] file:/C:/Program%20Files/Java/jre1.8.0_101/lib/ext/access-bridge-64.jar
2016-12-04 02:59:12.695+0000 INFO  [o.n.k.i.DiagnosticsManager]  [bootstrap] C:\Program Files\Java\jre1.8.0_101\lib\resources.jar
2016-12-04 02:59:12.695+0000 INFO  [o.n.k.i.DiagnosticsManager]  [loader.1] file:/C:/Program%20Files/Java/jre1.8.0_101/lib/ext/sunec.jar
2016-12-04 02:59:12.695+0000 INFO  [o.n.k.i.DiagnosticsManager]  [loader.1] file:/C:/Program%20Files/Java/jre1.8.0_101/lib/ext/sunmscapi.jar
2016-12-04 02:59:12.695+0000 INFO  [o.n.k.i.DiagnosticsManager]  [loader.0] file:/C:/Program%20Files/Neo4j%20CE%203.0.4/bin/neo4j-desktop-3.0.4.jar
2016-12-04 02:59:12.695+0000 INFO  [o.n.k.i.DiagnosticsManager]  [loader.0] file:/C:/Program%20Files/Neo4j%20CE%203.0.4/.install4j/i4jruntime.jar
2016-12-04 02:59:12.695+0000 INFO  [o.n.k.i.DiagnosticsManager]  [bootstrap] C:\Program Files\Java\jre1.8.0_101\lib\jsse.jar
2016-12-04 02:59:12.695+0000 INFO  [o.n.k.i.DiagnosticsManager]  [loader.1] file:/C:/Program%20Files/Java/jre1.8.0_101/lib/ext/sunjce_provider.jar
2016-12-04 02:59:12.695+0000 INFO  [o.n.k.i.DiagnosticsManager]  [loader.1] file:/C:/Program%20Files/Java/jre1.8.0_101/lib/ext/zipfs.jar
2016-12-04 02:59:12.695+0000 INFO  [o.n.k.i.DiagnosticsManager] Library path:
2016-12-04 02:59:12.695+0000 INFO  [o.n.k.i.DiagnosticsManager] C:\Python34
2016-12-04 02:59:12.696+0000 INFO  [o.n.k.i.DiagnosticsManager] C:\Python34\Scripts
2016-12-04 02:59:12.697+0000 INFO  [o.n.k.i.DiagnosticsManager] C:\Python\Lib\site-packages
2016-12-04 02:59:12.697+0000 INFO  [o.n.k.i.DiagnosticsManager] C:\Python\python 35-32
2016-12-04 02:59:12.698+0000 INFO  [o.n.k.i.DiagnosticsManager] C:\oraclexe\app\oracle\product\11.2.0\server\bin
2016-12-04 02:59:12.699+0000 INFO  [o.n.k.i.DiagnosticsManager] C:\Program Files\Neo4j CE 3.0.4\bin
2016-12-04 02:59:12.700+0000 INFO  [o.n.k.i.DiagnosticsManager] C:\cygnus\cygwin-b20\H-i586-cygwin32\bin
2016-12-04 02:59:12.700+0000 INFO  [o.n.k.i.DiagnosticsManager] C:\Program Files\Neo4j CE 3.0.4\bin\bin
2016-12-04 02:59:12.701+0000 INFO  [o.n.k.i.DiagnosticsManager] C:\Users\HP\tools\apache-maven-3.3.9\bin
2016-12-04 02:59:12.702+0000 INFO  [o.n.k.i.DiagnosticsManager] C:\Program Files\Java\jdk1.8.0_73\bin
2016-12-04 02:59:12.703+0000 INFO  [o.n.k.i.DiagnosticsManager] C:\ProgramData\Oracle\Java\javapath
2016-12-04 02:59:12.703+0000 INFO  [o.n.k.i.DiagnosticsManager] C:\Program Files (x86)\Intel\iCLS Client
2016-12-04 02:59:12.704+0000 INFO  [o.n.k.i.DiagnosticsManager] C:\Program Files\Intel\iCLS Client
2016-12-04 02:59:12.705+0000 INFO  [o.n.k.i.DiagnosticsManager] C:\Windows\System32
2016-12-04 02:59:12.705+0000 INFO  [o.n.k.i.DiagnosticsManager] C:\Windows
2016-12-04 02:59:12.706+0000 INFO  [o.n.k.i.DiagnosticsManager] C:\Windows\System32\wbem
2016-12-04 02:59:12.707+0000 INFO  [o.n.k.i.DiagnosticsManager] C:\Windows\System32\WindowsPowerShell\v1.0
2016-12-04 02:59:12.707+0000 INFO  [o.n.k.i.DiagnosticsManager] C:\Program Files\Hewlett-Packard\SimplePass
2016-12-04 02:59:12.708+0000 INFO  [o.n.k.i.DiagnosticsManager] C:\Program Files\Intel\Intel(R) Management Engine Components\DAL
2016-12-04 02:59:12.709+0000 INFO  [o.n.k.i.DiagnosticsManager] C:\Program Files (x86)\Intel\Intel(R) Management Engine Components\DAL
2016-12-04 02:59:12.710+0000 INFO  [o.n.k.i.DiagnosticsManager] C:\Program Files\Intel\Intel(R) Management Engine Components\IPT
2016-12-04 02:59:12.711+0000 INFO  [o.n.k.i.DiagnosticsManager] C:\Program Files (x86)\Intel\Intel(R) Management Engine Components\IPT
2016-12-04 02:59:12.712+0000 INFO  [o.n.k.i.DiagnosticsManager] C:\Program Files\Git\cmd
2016-12-04 02:59:12.713+0000 INFO  [o.n.k.i.DiagnosticsManager] C:\Program Files (x86)\GtkSharp\2.12\bin
2016-12-04 02:59:12.713+0000 INFO  [o.n.k.i.DiagnosticsManager] C:\Program Files\Perforce\DVCS
2016-12-04 02:59:12.715+0000 INFO  [o.n.k.i.DiagnosticsManager] C:\Program Files (x86)\Windows Kits\8.0\Windows Performance Toolkit
2016-12-04 02:59:12.715+0000 INFO  [o.n.k.i.DiagnosticsManager] C:\Program Files (x86)\Windows Live\Shared
2016-12-04 02:59:12.716+0000 INFO  [o.n.k.i.DiagnosticsManager] C:\Program Files\nodejs
2016-12-04 02:59:12.716+0000 INFO  [o.n.k.i.DiagnosticsManager] C:\ProgramData\chocolatey\bin
2016-12-04 02:59:12.717+0000 INFO  [o.n.k.i.DiagnosticsManager] C:\Users\HP\AppData\Roaming\npm
2016-12-04 02:59:12.718+0000 INFO  [o.n.k.i.DiagnosticsManager] C:\Program Files\Java\jre1.8.0_101\bin
2016-12-04 02:59:12.718+0000 INFO  [o.n.k.i.DiagnosticsManager] System.properties:
2016-12-04 02:59:12.718+0000 INFO  [o.n.k.i.DiagnosticsManager] exe4j.moduleName = C:\Program Files\Neo4j CE 3.0.4\bin\neo4j-ce.exe
2016-12-04 02:59:12.718+0000 INFO  [o.n.k.i.DiagnosticsManager] exe4j.semaphoreName = Local\c:_program_files_neo4j_ce_3.0.4_bin_neo4j-ce.exe
2016-12-04 02:59:12.718+0000 INFO  [o.n.k.i.DiagnosticsManager] sun.boot.library.path = c:\program files\java\jre1.8.0_101\bin
2016-12-04 02:59:12.718+0000 INFO  [o.n.k.i.DiagnosticsManager] exe4j.consoleCodepage = cp0
2016-12-04 02:59:12.718+0000 INFO  [o.n.k.i.DiagnosticsManager] path.separator = ;
2016-12-04 02:59:12.718+0000 INFO  [o.n.k.i.DiagnosticsManager] file.encoding.pkg = sun.io
2016-12-04 02:59:12.718+0000 INFO  [o.n.k.i.DiagnosticsManager] user.country = PE
2016-12-04 02:59:12.718+0000 INFO  [o.n.k.i.DiagnosticsManager] user.script = 
2016-12-04 02:59:12.718+0000 INFO  [o.n.k.i.DiagnosticsManager] sun.os.patch.level = 
2016-12-04 02:59:12.718+0000 INFO  [o.n.k.i.DiagnosticsManager] install4j.exeDir = C:\Program Files\Neo4j CE 3.0.4\bin\
2016-12-04 02:59:12.718+0000 INFO  [o.n.k.i.DiagnosticsManager] user.dir = C:\Program Files\Neo4j CE 3.0.4\bin
2016-12-04 02:59:12.719+0000 INFO  [o.n.k.i.DiagnosticsManager] user.variant = 
2016-12-04 02:59:12.719+0000 INFO  [o.n.k.i.DiagnosticsManager] exe4j.tempDir = 
2016-12-04 02:59:12.719+0000 INFO  [o.n.k.i.DiagnosticsManager] sun.jnu.encoding = Cp1252
2016-12-04 02:59:12.719+0000 INFO  [o.n.k.i.DiagnosticsManager] sun.nio.ch.bugLevel = 
2016-12-04 02:59:12.719+0000 INFO  [o.n.k.i.DiagnosticsManager] unsupported.dbms.udc.source = desktop
2016-12-04 02:59:12.719+0000 INFO  [o.n.k.i.DiagnosticsManager] sun.awt.enableExtraMouseButtons = true
2016-12-04 02:59:12.719+0000 INFO  [o.n.k.i.DiagnosticsManager] install4j.launcherId = 24
2016-12-04 02:59:12.719+0000 INFO  [o.n.k.i.DiagnosticsManager] sun.management.compiler = HotSpot 64-Bit Tiered Compilers
2016-12-04 02:59:12.719+0000 INFO  [o.n.k.i.DiagnosticsManager] exe4j.isInstall4j = true
2016-12-04 02:59:12.719+0000 INFO  [o.n.k.i.DiagnosticsManager] install4j.swt = false
2016-12-04 02:59:12.719+0000 INFO  [o.n.k.i.DiagnosticsManager] user.home = C:\Users\HP
2016-12-04 02:59:12.719+0000 INFO  [o.n.k.i.DiagnosticsManager] user.timezone = America/Bogota
2016-12-04 02:59:12.719+0000 INFO  [o.n.k.i.DiagnosticsManager] file.encoding = Cp1252
2016-12-04 02:59:12.719+0000 INFO  [o.n.k.i.DiagnosticsManager] user.name = William
2016-12-04 02:59:12.719+0000 INFO  [o.n.k.i.DiagnosticsManager] sun.java.command = C:\Program Files\Neo4j CE 3.0.4\bin\neo4j-ce.exe
2016-12-04 02:59:12.719+0000 INFO  [o.n.k.i.DiagnosticsManager] sun.arch.data.model = 64
2016-12-04 02:59:12.719+0000 INFO  [o.n.k.i.DiagnosticsManager] exe4j.launchName = C:\Program Files\Neo4j CE 3.0.4\bin\neo4j-ce.exe
2016-12-04 02:59:12.719+0000 INFO  [o.n.k.i.DiagnosticsManager] user.language = es
2016-12-04 02:59:12.719+0000 INFO  [o.n.k.i.DiagnosticsManager] awt.toolkit = sun.awt.windows.WToolkit
2016-12-04 02:59:12.719+0000 INFO  [o.n.k.i.DiagnosticsManager] exe4j.unextractedPosition = 0
2016-12-04 02:59:12.719+0000 INFO  [o.n.k.i.DiagnosticsManager] install4j.appDir = C:\Program Files\Neo4j CE 3.0.4\
2016-12-04 02:59:12.719+0000 INFO  [o.n.k.i.DiagnosticsManager] file.separator = \
2016-12-04 02:59:12.719+0000 INFO  [o.n.k.i.DiagnosticsManager] sun.io.unicode.encoding = UnicodeLittle
2016-12-04 02:59:12.719+0000 INFO  [o.n.k.i.DiagnosticsManager] sun.cpu.endian = little
2016-12-04 02:59:12.719+0000 INFO  [o.n.k.i.DiagnosticsManager] sun.desktop = windows
2016-12-04 02:59:12.719+0000 INFO  [o.n.k.i.DiagnosticsManager] sun.cpu.isalist = amd64
2016-12-04 02:59:12.719+0000 INFO  [o.n.k.i.DiagnosticsManager] Network information:
2016-12-04 02:59:13.028+0000 INFO  [o.n.k.i.DiagnosticsManager] Interface Software Loopback Interface 1:
2016-12-04 02:59:13.028+0000 INFO  [o.n.k.i.DiagnosticsManager]     address: 127.0.0.1
2016-12-04 02:59:13.028+0000 INFO  [o.n.k.i.DiagnosticsManager]     address: 0:0:0:0:0:0:0:1
2016-12-04 02:59:13.028+0000 INFO  [o.n.k.i.DiagnosticsManager] Interface Adaptador de red de depuración de kernel de Microsoft:
2016-12-04 02:59:13.028+0000 INFO  [o.n.k.i.DiagnosticsManager] Interface Realtek PCIe GBE Family Controller:
2016-12-04 02:59:13.029+0000 INFO  [o.n.k.i.DiagnosticsManager]     address: 172.22.30.28
2016-12-04 02:59:13.029+0000 INFO  [o.n.k.i.DiagnosticsManager]     address: fd4b:c23f:5941:1:c510:662:ce2d:adf9
2016-12-04 02:59:13.029+0000 INFO  [o.n.k.i.DiagnosticsManager]     address: fd4b:c23f:5941:1:a0df:fecd:8a0b:b879
2016-12-04 02:59:13.029+0000 INFO  [o.n.k.i.DiagnosticsManager]     address: fe80:0:0:0:c510:662:ce2d:adf9%eth1
2016-12-04 02:59:13.029+0000 INFO  [o.n.k.i.DiagnosticsManager] Interface Dispositivo Bluetooth (TDI protocolo RFCOMM):
2016-12-04 02:59:13.029+0000 INFO  [o.n.k.i.DiagnosticsManager] Interface Dispositivo Bluetooth (Red de área personal):
2016-12-04 02:59:13.029+0000 INFO  [o.n.k.i.DiagnosticsManager]     address: fe80:0:0:0:b41d:bb12:e12e:5f4b%eth2
2016-12-04 02:59:13.029+0000 INFO  [o.n.k.i.DiagnosticsManager] Interface Realtek RTL8723BE 802.11 b/g/n Wi-Fi Adapter:
2016-12-04 02:59:13.029+0000 INFO  [o.n.k.i.DiagnosticsManager]     address: fe80:0:0:0:a9e8:1f3a:f447:24a4%wlan0
2016-12-04 02:59:13.029+0000 INFO  [o.n.k.i.DiagnosticsManager] Interface Adaptador virtual directo Wi-Fi de Microsoft:
2016-12-04 02:59:13.029+0000 INFO  [o.n.k.i.DiagnosticsManager]     address: fe80:0:0:0:c1b8:387:a73d:edae%wlan1
2016-12-04 02:59:13.029+0000 INFO  [o.n.k.i.DiagnosticsManager] Interface Adaptador 6to4 de Microsoft:
2016-12-04 02:59:13.029+0000 INFO  [o.n.k.i.DiagnosticsManager] Interface Teredo Tunneling Pseudo-Interface:
2016-12-04 02:59:13.029+0000 INFO  [o.n.k.i.DiagnosticsManager]     address: 2001:0:d58:1ef1:380d:1192:53e9:e1e3
2016-12-04 02:59:13.029+0000 INFO  [o.n.k.i.DiagnosticsManager]     address: fe80:0:0:0:380d:1192:53e9:e1e3%net2
2016-12-04 02:59:13.029+0000 INFO  [o.n.k.i.DiagnosticsManager] Interface Minipuerto WAN (SSTP):
2016-12-04 02:59:13.029+0000 INFO  [o.n.k.i.DiagnosticsManager] Interface Minipuerto WAN (IKEv2):
2016-12-04 02:59:13.029+0000 INFO  [o.n.k.i.DiagnosticsManager] Interface Minipuerto WAN (PPTP):
2016-12-04 02:59:13.029+0000 INFO  [o.n.k.i.DiagnosticsManager] Interface Minipuerto WAN (PPPOE):
2016-12-04 02:59:13.030+0000 INFO  [o.n.k.i.DiagnosticsManager] Interface Minipuerto WAN (L2TP):
2016-12-04 02:59:13.030+0000 INFO  [o.n.k.i.DiagnosticsManager] Interface Minipuerto WAN (IP):
2016-12-04 02:59:13.030+0000 INFO  [o.n.k.i.DiagnosticsManager] Interface Minipuerto WAN (IPv6):
2016-12-04 02:59:13.030+0000 INFO  [o.n.k.i.DiagnosticsManager] Interface Minipuerto WAN (Monitor de red):
2016-12-04 02:59:13.030+0000 INFO  [o.n.k.i.DiagnosticsManager] Interface Adaptador asínc. de RAS:
2016-12-04 02:59:13.030+0000 INFO  [o.n.k.i.DiagnosticsManager] Interface Adaptador ISATAP de Microsoft #4:
2016-12-04 02:59:13.030+0000 INFO  [o.n.k.i.DiagnosticsManager] Interface Adaptador virtual de red hospedada de Microsoft:
2016-12-04 02:59:13.030+0000 INFO  [o.n.k.i.DiagnosticsManager] Interface Adaptador ISATAP de Microsoft #2:
2016-12-04 02:59:13.030+0000 INFO  [o.n.k.i.DiagnosticsManager]     address: fe80:0:0:0:0:5efe:c0a8:3801%net8
2016-12-04 02:59:13.030+0000 INFO  [o.n.k.i.DiagnosticsManager] Interface VirtualBox Host-Only Ethernet Adapter:
2016-12-04 02:59:13.030+0000 INFO  [o.n.k.i.DiagnosticsManager]     address: 192.168.56.1
2016-12-04 02:59:13.030+0000 INFO  [o.n.k.i.DiagnosticsManager]     address: fe80:0:0:0:c0b1:3ac5:9b0e:4793%eth6
2016-12-04 02:59:13.030+0000 INFO  [o.n.k.i.DiagnosticsManager] Interface Adaptador ISATAP de Microsoft #5:
2016-12-04 02:59:13.031+0000 INFO  [o.n.k.i.DiagnosticsManager]     address: fe80:0:0:0:0:5efe:ac16:1e1c%net9
2016-12-04 02:59:13.031+0000 INFO  [o.n.k.i.DiagnosticsManager] Interface Adaptador ISATAP de Microsoft #6:
2016-12-04 02:59:13.031+0000 INFO  [o.n.k.i.DiagnosticsManager] Interface Adaptador ISATAP de Microsoft #7:
2016-12-04 02:59:13.031+0000 INFO  [o.n.k.i.DiagnosticsManager] Interface VirtualBox Host-Only Ethernet Adapter-WFP Native MAC Layer LightWeight Filter-0000:
2016-12-04 02:59:13.031+0000 INFO  [o.n.k.i.DiagnosticsManager] Interface VirtualBox Host-Only Ethernet Adapter-VirtualBox NDIS Light-Weight Filter-0000:
2016-12-04 02:59:13.031+0000 INFO  [o.n.k.i.DiagnosticsManager] Interface VirtualBox Host-Only Ethernet Adapter-QoS Packet Scheduler-0000:
2016-12-04 02:59:13.031+0000 INFO  [o.n.k.i.DiagnosticsManager] Interface VirtualBox Host-Only Ethernet Adapter-WFP 802.3 MAC Layer LightWeight Filter-0000:
2016-12-04 02:59:13.031+0000 INFO  [o.n.k.i.DiagnosticsManager] Interface Realtek PCIe GBE Family Controller-WFP Native MAC Layer LightWeight Filter-0000:
2016-12-04 02:59:13.031+0000 INFO  [o.n.k.i.DiagnosticsManager] Interface Realtek PCIe GBE Family Controller-VirtualBox NDIS Light-Weight Filter-0000:
2016-12-04 02:59:13.031+0000 INFO  [o.n.k.i.DiagnosticsManager] Interface Realtek PCIe GBE Family Controller-QoS Packet Scheduler-0000:
2016-12-04 02:59:13.031+0000 INFO  [o.n.k.i.DiagnosticsManager] Interface Realtek PCIe GBE Family Controller-WFP 802.3 MAC Layer LightWeight Filter-0000:
2016-12-04 02:59:13.031+0000 INFO  [o.n.k.i.DiagnosticsManager] Interface Realtek RTL8723BE 802.11 b/g/n Wi-Fi Adapter-WFP Native MAC Layer LightWeight Filter-0000:
2016-12-04 02:59:13.031+0000 INFO  [o.n.k.i.DiagnosticsManager] Interface Realtek RTL8723BE 802.11 b/g/n Wi-Fi Adapter-Virtual WiFi Filter Driver-0000:
2016-12-04 02:59:13.032+0000 INFO  [o.n.k.i.DiagnosticsManager] Interface Realtek RTL8723BE 802.11 b/g/n Wi-Fi Adapter-Native WiFi Filter Driver-0000:
2016-12-04 02:59:13.032+0000 INFO  [o.n.k.i.DiagnosticsManager] Interface Realtek RTL8723BE 802.11 b/g/n Wi-Fi Adapter-VirtualBox NDIS Light-Weight Filter-0000:
2016-12-04 02:59:13.032+0000 INFO  [o.n.k.i.DiagnosticsManager] Interface Realtek RTL8723BE 802.11 b/g/n Wi-Fi Adapter-QoS Packet Scheduler-0000:
2016-12-04 02:59:13.032+0000 INFO  [o.n.k.i.DiagnosticsManager] Interface Realtek RTL8723BE 802.11 b/g/n Wi-Fi Adapter-WFP 802.3 MAC Layer LightWeight Filter-0000:
2016-12-04 02:59:13.032+0000 INFO  [o.n.k.i.DiagnosticsManager] Interface Adaptador virtual directo Wi-Fi de Microsoft-WFP Native MAC Layer LightWeight Filter-0000:
2016-12-04 02:59:13.032+0000 INFO  [o.n.k.i.DiagnosticsManager] Interface Adaptador virtual directo Wi-Fi de Microsoft-Native WiFi Filter Driver-0000:
2016-12-04 02:59:13.032+0000 INFO  [o.n.k.i.DiagnosticsManager] Interface Adaptador virtual directo Wi-Fi de Microsoft-VirtualBox NDIS Light-Weight Filter-0000:
2016-12-04 02:59:13.032+0000 INFO  [o.n.k.i.DiagnosticsManager] Interface Adaptador virtual directo Wi-Fi de Microsoft-QoS Packet Scheduler-0000:
2016-12-04 02:59:13.032+0000 INFO  [o.n.k.i.DiagnosticsManager] Interface Adaptador virtual directo Wi-Fi de Microsoft-WFP 802.3 MAC Layer LightWeight Filter-0000:
2016-12-04 02:59:13.033+0000 INFO  [o.n.k.i.DiagnosticsManager] Interface Minipuerto WAN (IP)-WFP Native MAC Layer LightWeight Filter-0000:
2016-12-04 02:59:13.033+0000 INFO  [o.n.k.i.DiagnosticsManager] Interface Minipuerto WAN (IP)-QoS Packet Scheduler-0000:
2016-12-04 02:59:13.033+0000 INFO  [o.n.k.i.DiagnosticsManager] Interface Minipuerto WAN (IPv6)-WFP Native MAC Layer LightWeight Filter-0000:
2016-12-04 02:59:13.033+0000 INFO  [o.n.k.i.DiagnosticsManager] Interface Minipuerto WAN (IPv6)-QoS Packet Scheduler-0000:
2016-12-04 02:59:13.033+0000 INFO  [o.n.k.i.DiagnosticsManager] Interface Minipuerto WAN (Monitor de red)-WFP Native MAC Layer LightWeight Filter-0000:
2016-12-04 02:59:13.033+0000 INFO  [o.n.k.i.DiagnosticsManager] Interface Minipuerto WAN (Monitor de red)-QoS Packet Scheduler-0000:
2016-12-04 02:59:13.033+0000 INFO  [o.n.k.i.DiagnosticsManager] --- INITIALIZED diagnostics END ---
2016-12-04 02:59:13.039+0000 INFO  [o.n.b.v.r.Sessions] No SSL certificate found, generating a self-signed certificate..
2016-12-04 02:59:13.818+0000 INFO  [o.n.b.v.r.Sessions] Bolt Server extension loaded.
2016-12-04 02:59:13.819+0000 INFO  [o.n.b.v.r.Sessions] Bolt enabled on localhost:7687.
2016-12-04 02:59:13.837+0000 INFO  [o.n.k.i.s.f.RecordFormatSelector] Selected format 'RecordFormat:StandardV3_0[v0.A.7]' for the new store
2016-12-04 02:59:15.838+0000 INFO  [o.n.k.a.i.l.LuceneLabelScanStore] No lucene scan store index found, this might just be first use. Preparing to rebuild.
2016-12-04 02:59:15.912+0000 INFO  [o.n.k.NeoStoreDataSource] Opened logical log [F:\wneo4j\db_neo4j\neostore.transaction.db.0] version=0, lastTxId=1 (clean)
2016-12-04 02:59:15.919+0000 WARN  [o.n.k.i.s.MetaDataStore] Missing counts store, rebuilding it.
2016-12-04 02:59:16.115+0000 INFO  [o.n.k.a.i.l.LuceneLabelScanStore] Rebuilding lucene scan store, this may take a while
2016-12-04 02:59:16.137+0000 INFO  [o.n.k.a.i.l.LuceneLabelScanStore] Lucene scan store rebuilt (roughly 0 nodes)
2016-12-04 02:59:16.139+0000 INFO  [o.n.k.i.DatabaseHealth] Database health set to OK
2016-12-04 02:59:16.237+0000 INFO  [o.n.k.AvailabilityGuard] Fulfilling of requirement makes database available: Database available
2016-12-04 02:59:16.237+0000 INFO  [o.n.k.i.f.CommunityFacadeFactory] Database is now ready
2016-12-04 02:59:16.237+0000 INFO  [o.n.k.i.DiagnosticsManager] --- STARTED diagnostics for KernelDiagnostics:Versions START ---
2016-12-04 02:59:16.238+0000 INFO  [o.n.k.i.DiagnosticsManager] Graph Database: community single StoreId{creationTime=1480820355736, randomId=-1632871299584778738, storeVersion=15531981201765894, upgradeTime=1480820355736, upgradeId=1}
2016-12-04 02:59:16.238+0000 INFO  [o.n.k.i.DiagnosticsManager] Kernel version: 3.0.4
2016-12-04 02:59:16.238+0000 INFO  [o.n.k.i.DiagnosticsManager] --- STARTED diagnostics for KernelDiagnostics:Versions END ---
2016-12-04 02:59:16.238+0000 INFO  [o.n.k.i.DiagnosticsManager] --- STARTED diagnostics for NEO_STORE_VERSIONS START ---
2016-12-04 02:59:16.238+0000 INFO  [o.n.k.i.DiagnosticsManager] Store versions:
2016-12-04 02:59:16.239+0000 INFO  [o.n.k.i.DiagnosticsManager] Store versions:
2016-12-04 02:59:16.239+0000 INFO  [o.n.k.i.DiagnosticsManager]   ArrayPropertyStore v0.A.7
2016-12-04 02:59:16.239+0000 INFO  [o.n.k.i.DiagnosticsManager]   NodeStore v0.A.7
2016-12-04 02:59:16.239+0000 INFO  [o.n.k.i.DiagnosticsManager]   StringPropertyStore v0.A.7
2016-12-04 02:59:16.239+0000 INFO  [o.n.k.i.DiagnosticsManager]   PropertyIndexStore v0.A.7
2016-12-04 02:59:16.239+0000 INFO  [o.n.k.i.DiagnosticsManager]   StringPropertyStore v0.A.7
2016-12-04 02:59:16.240+0000 INFO  [o.n.k.i.DiagnosticsManager]   ArrayPropertyStore v0.A.7
2016-12-04 02:59:16.240+0000 INFO  [o.n.k.i.DiagnosticsManager]   PropertyStore v0.A.7
2016-12-04 02:59:16.240+0000 INFO  [o.n.k.i.DiagnosticsManager]   RelationshipStore v0.A.7
2016-12-04 02:59:16.240+0000 INFO  [o.n.k.i.DiagnosticsManager]   StringPropertyStore v0.A.7
2016-12-04 02:59:16.240+0000 INFO  [o.n.k.i.DiagnosticsManager]   RelationshipTypeStore v0.A.7
2016-12-04 02:59:16.240+0000 INFO  [o.n.k.i.DiagnosticsManager]   StringPropertyStore v0.A.7
2016-12-04 02:59:16.240+0000 INFO  [o.n.k.i.DiagnosticsManager]   LabelTokenStore v0.A.7
2016-12-04 02:59:16.241+0000 INFO  [o.n.k.i.DiagnosticsManager]   SchemaStore v0.A.7
2016-12-04 02:59:16.241+0000 INFO  [o.n.k.i.DiagnosticsManager]   RelationshipGroupStore v0.A.7
2016-12-04 02:59:16.241+0000 INFO  [o.n.k.i.DiagnosticsManager]   NeoStore v0.A.7
2016-12-04 02:59:16.241+0000 INFO  [o.n.k.i.DiagnosticsManager] --- STARTED diagnostics for NEO_STORE_VERSIONS END ---
2016-12-04 02:59:16.241+0000 INFO  [o.n.k.i.DiagnosticsManager] --- STARTED diagnostics for NEO_STORE_ID_USAGE START ---
2016-12-04 02:59:16.241+0000 INFO  [o.n.k.i.DiagnosticsManager] Id usage:
2016-12-04 02:59:16.241+0000 INFO  [o.n.k.i.DiagnosticsManager] Id usage:
2016-12-04 02:59:16.242+0000 INFO  [o.n.k.i.DiagnosticsManager]   ArrayPropertyStore: used=1 high=0
2016-12-04 02:59:16.242+0000 INFO  [o.n.k.i.DiagnosticsManager]   NodeStore: used=0 high=-1
2016-12-04 02:59:16.242+0000 INFO  [o.n.k.i.DiagnosticsManager]   StringPropertyStore: used=1 high=0
2016-12-04 02:59:16.242+0000 INFO  [o.n.k.i.DiagnosticsManager]   PropertyIndexStore: used=0 high=-1
2016-12-04 02:59:16.242+0000 INFO  [o.n.k.i.DiagnosticsManager]   StringPropertyStore: used=1 high=0
2016-12-04 02:59:16.243+0000 INFO  [o.n.k.i.DiagnosticsManager]   ArrayPropertyStore: used=1 high=0
2016-12-04 02:59:16.243+0000 INFO  [o.n.k.i.DiagnosticsManager]   PropertyStore: used=0 high=-1
2016-12-04 02:59:16.243+0000 INFO  [o.n.k.i.DiagnosticsManager]   RelationshipStore: used=0 high=-1
2016-12-04 02:59:16.243+0000 INFO  [o.n.k.i.DiagnosticsManager]   StringPropertyStore: used=1 high=0
2016-12-04 02:59:16.243+0000 INFO  [o.n.k.i.DiagnosticsManager]   RelationshipTypeStore: used=0 high=-1
2016-12-04 02:59:16.244+0000 INFO  [o.n.k.i.DiagnosticsManager]   StringPropertyStore: used=1 high=0
2016-12-04 02:59:16.244+0000 INFO  [o.n.k.i.DiagnosticsManager]   LabelTokenStore: used=0 high=-1
2016-12-04 02:59:16.244+0000 INFO  [o.n.k.i.DiagnosticsManager]   SchemaStore: used=1 high=0
2016-12-04 02:59:16.244+0000 INFO  [o.n.k.i.DiagnosticsManager]   RelationshipGroupStore: used=1 high=0
2016-12-04 02:59:16.245+0000 INFO  [o.n.k.i.DiagnosticsManager]   NeoStore: used=15 high=14
2016-12-04 02:59:16.245+0000 INFO  [o.n.k.i.DiagnosticsManager] --- STARTED diagnostics for NEO_STORE_ID_USAGE END ---
2016-12-04 02:59:16.245+0000 INFO  [o.n.k.i.DiagnosticsManager] --- STARTED diagnostics for NEO_STORE_RECORDS START ---
2016-12-04 02:59:16.245+0000 INFO  [o.n.k.i.DiagnosticsManager] Neostore records:
2016-12-04 02:59:16.245+0000 INFO  [o.n.k.i.DiagnosticsManager] TIME (Creation time): 1480820355736
2016-12-04 02:59:16.245+0000 INFO  [o.n.k.i.DiagnosticsManager] RANDOM_NUMBER (Random number for store id): -1632871299584778738
2016-12-04 02:59:16.246+0000 INFO  [o.n.k.i.DiagnosticsManager] LOG_VERSION (Current log version): 0
2016-12-04 02:59:16.246+0000 INFO  [o.n.k.i.DiagnosticsManager] LAST_TRANSACTION_ID (Last committed transaction): 1
2016-12-04 02:59:16.246+0000 INFO  [o.n.k.i.DiagnosticsManager] STORE_VERSION (Store format version): 15531981201765894
2016-12-04 02:59:16.246+0000 INFO  [o.n.k.i.DiagnosticsManager] FIRST_GRAPH_PROPERTY (First property record containing graph properties): -1
2016-12-04 02:59:16.246+0000 INFO  [o.n.k.i.DiagnosticsManager] LAST_CONSTRAINT_TRANSACTION (Last committed transaction containing constraint changes): 0
2016-12-04 02:59:16.247+0000 INFO  [o.n.k.i.DiagnosticsManager] UPGRADE_TRANSACTION_ID (Transaction id most recent upgrade was performed at): 1
2016-12-04 02:59:16.247+0000 INFO  [o.n.k.i.DiagnosticsManager] UPGRADE_TIME (Time of last upgrade): 1480820355736
2016-12-04 02:59:16.247+0000 INFO  [o.n.k.i.DiagnosticsManager] LAST_TRANSACTION_CHECKSUM (Checksum of last committed transaction): 0
2016-12-04 02:59:16.247+0000 INFO  [o.n.k.i.DiagnosticsManager] UPGRADE_TRANSACTION_CHECKSUM (Checksum of transaction id the most recent upgrade was performed at): 0
2016-12-04 02:59:16.247+0000 INFO  [o.n.k.i.DiagnosticsManager] LAST_CLOSED_TRANSACTION_LOG_VERSION (Log version where the last transaction commit entry has been written into): 0
2016-12-04 02:59:16.247+0000 INFO  [o.n.k.i.DiagnosticsManager] LAST_CLOSED_TRANSACTION_LOG_BYTE_OFFSET (Byte offset in the log file where the last transaction commit entry has been written into): 16
2016-12-04 02:59:16.247+0000 INFO  [o.n.k.i.DiagnosticsManager] LAST_TRANSACTION_COMMIT_TIMESTAMP (Commit time timestamp for last committed transaction): 0
2016-12-04 02:59:16.248+0000 INFO  [o.n.k.i.DiagnosticsManager] UPGRADE_TRANSACTION_COMMIT_TIMESTAMP (Commit timestamp of transaction the most recent upgrade was performed at): 0
2016-12-04 02:59:16.248+0000 INFO  [o.n.k.i.DiagnosticsManager] --- STARTED diagnostics for NEO_STORE_RECORDS END ---
2016-12-04 02:59:16.248+0000 INFO  [o.n.k.i.DiagnosticsManager] --- STARTED diagnostics for TRANSACTION_RANGE START ---
2016-12-04 02:59:16.248+0000 INFO  [o.n.k.i.DiagnosticsManager] Transaction log:
2016-12-04 02:59:16.251+0000 INFO  [o.n.k.i.DiagnosticsManager] No transactions found in any log
2016-12-04 02:59:16.251+0000 INFO  [o.n.k.i.DiagnosticsManager] --- STARTED diagnostics for TRANSACTION_RANGE END ---
2016-12-04 02:59:16.251+0000 INFO  [o.n.k.i.DiagnosticsManager] --- STARTED diagnostics for KernelDiagnostics:StoreFiles START ---
2016-12-04 02:59:16.255+0000 INFO  [o.n.k.i.DiagnosticsManager] Disk space on partition (Total / Free / Free %): 419430395904 / 376079036416 / 89
Storage files: (filename : modification date - size)
2016-12-04 02:59:16.257+0000 INFO  [o.n.k.i.DiagnosticsManager]   certificates:
2016-12-04 02:59:16.258+0000 INFO  [o.n.k.i.DiagnosticsManager]     neo4j.cert: 2016-12-03T21:59:13-0500 - 642,00 B
2016-12-04 02:59:16.258+0000 INFO  [o.n.k.i.DiagnosticsManager]     neo4j.key: 2016-12-03T21:59:13-0500 - 928,00 B
2016-12-04 02:59:16.259+0000 INFO  [o.n.k.i.DiagnosticsManager]   - Total: 2016-12-03T21:59:13-0500 - 1,53 kB
2016-12-04 02:59:16.259+0000 INFO  [o.n.k.i.DiagnosticsManager]   data:
2016-12-04 02:59:16.260+0000 INFO  [o.n.k.i.DiagnosticsManager]     dbms:
2016-12-04 02:59:16.261+0000 INFO  [o.n.k.i.DiagnosticsManager]       auth: 2016-12-03T21:59:16-0500 - 137,00 B
2016-12-04 02:59:16.261+0000 INFO  [o.n.k.i.DiagnosticsManager]     - Total: 2016-12-03T21:59:16-0500 - 137,00 B
2016-12-04 02:59:16.262+0000 INFO  [o.n.k.i.DiagnosticsManager]   - Total: 2016-12-03T21:59:16-0500 - 137,00 B
2016-12-04 02:59:16.262+0000 INFO  [o.n.k.i.DiagnosticsManager]   index:
2016-12-04 02:59:16.262+0000 INFO  [o.n.k.i.DiagnosticsManager]   - Total: 2016-12-03T21:59:15-0500 - 0,00 B
2016-12-04 02:59:16.263+0000 INFO  [o.n.k.i.DiagnosticsManager]   logs:
2016-12-04 02:59:16.263+0000 INFO  [o.n.k.i.DiagnosticsManager]     debug.log: 2016-12-03T21:59:12-0500 - 35,48 kB
2016-12-04 02:59:16.264+0000 INFO  [o.n.k.i.DiagnosticsManager]   - Total: 2016-12-03T21:59:12-0500 - 35,48 kB
2016-12-04 02:59:16.264+0000 INFO  [o.n.k.i.DiagnosticsManager]   neostore: 2016-12-03T21:59:15-0500 - 8,00 kB
2016-12-04 02:59:16.265+0000 INFO  [o.n.k.i.DiagnosticsManager]   neostore.counts.db.a: 2016-12-03T21:59:16-0500 - 96,00 B
2016-12-04 02:59:16.265+0000 INFO  [o.n.k.i.DiagnosticsManager]   neostore.id: 2016-12-03T21:59:15-0500 - 9,00 B
2016-12-04 02:59:16.266+0000 INFO  [o.n.k.i.DiagnosticsManager]   neostore.labeltokenstore.db: 2016-12-03T21:59:15-0500 - 0,00 B
2016-12-04 02:59:16.266+0000 INFO  [o.n.k.i.DiagnosticsManager]   neostore.labeltokenstore.db.id: 2016-12-03T21:59:15-0500 - 9,00 B
2016-12-04 02:59:16.267+0000 INFO  [o.n.k.i.DiagnosticsManager]   neostore.labeltokenstore.db.names: 2016-12-03T21:59:15-0500 - 8,00 kB
2016-12-04 02:59:16.267+0000 INFO  [o.n.k.i.DiagnosticsManager]   neostore.labeltokenstore.db.names.id: 2016-12-03T21:59:15-0500 - 9,00 B
2016-12-04 02:59:16.268+0000 INFO  [o.n.k.i.DiagnosticsManager]   neostore.nodestore.db: 2016-12-03T21:59:14-0500 - 0,00 B
2016-12-04 02:59:16.268+0000 INFO  [o.n.k.i.DiagnosticsManager]   neostore.nodestore.db.id: 2016-12-03T21:59:14-0500 - 9,00 B
2016-12-04 02:59:16.268+0000 INFO  [o.n.k.i.DiagnosticsManager]   neostore.nodestore.db.labels: 2016-12-03T21:59:13-0500 - 8,00 kB
2016-12-04 02:59:16.269+0000 INFO  [o.n.k.i.DiagnosticsManager]   neostore.nodestore.db.labels.id: 2016-12-03T21:59:14-0500 - 9,00 B
2016-12-04 02:59:16.269+0000 INFO  [o.n.k.i.DiagnosticsManager]   neostore.propertystore.db: 2016-12-03T21:59:14-0500 - 0,00 B
2016-12-04 02:59:16.270+0000 INFO  [o.n.k.i.DiagnosticsManager]   neostore.propertystore.db.arrays: 2016-12-03T21:59:14-0500 - 8,00 kB
2016-12-04 02:59:16.270+0000 INFO  [o.n.k.i.DiagnosticsManager]   neostore.propertystore.db.arrays.id: 2016-12-03T21:59:14-0500 - 9,00 B
2016-12-04 02:59:16.271+0000 INFO  [o.n.k.i.DiagnosticsManager]   neostore.propertystore.db.id: 2016-12-03T21:59:14-0500 - 9,00 B
2016-12-04 02:59:16.272+0000 INFO  [o.n.k.i.DiagnosticsManager]   neostore.propertystore.db.index: 2016-12-03T21:59:14-0500 - 0,00 B
2016-12-04 02:59:16.272+0000 INFO  [o.n.k.i.DiagnosticsManager]   neostore.propertystore.db.index.id: 2016-12-03T21:59:14-0500 - 9,00 B
2016-12-04 02:59:16.273+0000 INFO  [o.n.k.i.DiagnosticsManager]   neostore.propertystore.db.index.keys: 2016-12-03T21:59:14-0500 - 8,00 kB
2016-12-04 02:59:16.274+0000 INFO  [o.n.k.i.DiagnosticsManager]   neostore.propertystore.db.index.keys.id: 2016-12-03T21:59:14-0500 - 9,00 B
2016-12-04 02:59:16.274+0000 INFO  [o.n.k.i.DiagnosticsManager]   neostore.propertystore.db.strings: 2016-12-03T21:59:14-0500 - 8,00 kB
2016-12-04 02:59:16.275+0000 INFO  [o.n.k.i.DiagnosticsManager]   neostore.propertystore.db.strings.id: 2016-12-03T21:59:14-0500 - 9,00 B
2016-12-04 02:59:16.276+0000 INFO  [o.n.k.i.DiagnosticsManager]   neostore.relationshipgroupstore.db: 2016-12-03T21:59:15-0500 - 8,00 kB
2016-12-04 02:59:16.277+0000 INFO  [o.n.k.i.DiagnosticsManager]   neostore.relationshipgroupstore.db.id: 2016-12-03T21:59:15-0500 - 9,00 B
2016-12-04 02:59:16.277+0000 INFO  [o.n.k.i.DiagnosticsManager]   neostore.relationshipstore.db: 2016-12-03T21:59:14-0500 - 0,00 B
2016-12-04 02:59:16.278+0000 INFO  [o.n.k.i.DiagnosticsManager]   neostore.relationshipstore.db.id: 2016-12-03T21:59:14-0500 - 9,00 B
2016-12-04 02:59:16.279+0000 INFO  [o.n.k.i.DiagnosticsManager]   neostore.relationshiptypestore.db: 2016-12-03T21:59:15-0500 - 0,00 B
2016-12-04 02:59:16.280+0000 INFO  [o.n.k.i.DiagnosticsManager]   neostore.relationshiptypestore.db.id: 2016-12-03T21:59:15-0500 - 9,00 B
2016-12-04 02:59:16.280+0000 INFO  [o.n.k.i.DiagnosticsManager]   neostore.relationshiptypestore.db.names: 2016-12-03T21:59:14-0500 - 8,00 kB
2016-12-04 02:59:16.281+0000 INFO  [o.n.k.i.DiagnosticsManager]   neostore.relationshiptypestore.db.names.id: 2016-12-03T21:59:15-0500 - 9,00 B
2016-12-04 02:59:16.282+0000 INFO  [o.n.k.i.DiagnosticsManager]   neostore.schemastore.db: 2016-12-03T21:59:15-0500 - 8,00 kB
2016-12-04 02:59:16.283+0000 INFO  [o.n.k.i.DiagnosticsManager]   neostore.schemastore.db.id: 2016-12-03T21:59:15-0500 - 9,00 B
2016-12-04 02:59:16.283+0000 INFO  [o.n.k.i.DiagnosticsManager]   neostore.transaction.db.0: 2016-12-03T21:59:15-0500 - 16,00 B
2016-12-04 02:59:16.283+0000 INFO  [o.n.k.i.DiagnosticsManager]   schema:
2016-12-04 02:59:16.284+0000 INFO  [o.n.k.i.DiagnosticsManager]     label:
2016-12-04 02:59:16.285+0000 INFO  [o.n.k.i.DiagnosticsManager]       lucene:
2016-12-04 02:59:16.285+0000 INFO  [o.n.k.i.DiagnosticsManager]         labelStore:
2016-12-04 02:59:16.286+0000 INFO  [o.n.k.i.DiagnosticsManager]           1:
2016-12-04 02:59:16.287+0000 INFO  [o.n.k.i.DiagnosticsManager]             write.lock: 2016-12-03T21:59:15-0500 - 0,00 B
2016-12-04 02:59:16.288+0000 INFO  [o.n.k.i.DiagnosticsManager]           - Total: 2016-12-03T21:59:15-0500 - 0,00 B
2016-12-04 02:59:16.289+0000 INFO  [o.n.k.i.DiagnosticsManager]           failure-message: 2016-12-03T21:59:15-0500 - 16,00 kB
2016-12-04 02:59:16.290+0000 INFO  [o.n.k.i.DiagnosticsManager]         - Total: 2016-12-03T21:59:15-0500 - 16,00 kB
2016-12-04 02:59:16.291+0000 INFO  [o.n.k.i.DiagnosticsManager]       - Total: 2016-12-03T21:59:15-0500 - 16,00 kB
2016-12-04 02:59:16.291+0000 INFO  [o.n.k.i.DiagnosticsManager]     - Total: 2016-12-03T21:59:15-0500 - 16,00 kB
2016-12-04 02:59:16.292+0000 INFO  [o.n.k.i.DiagnosticsManager]   - Total: 2016-12-03T21:59:15-0500 - 16,00 kB
2016-12-04 02:59:16.292+0000 INFO  [o.n.k.i.DiagnosticsManager]   store_lock: 2016-12-03T21:59:13-0500 - 0,00 B
2016-12-04 02:59:16.293+0000 INFO  [o.n.k.i.DiagnosticsManager] --- STARTED diagnostics for KernelDiagnostics:StoreFiles END ---
2016-12-04 02:59:16.369+0000 INFO  [o.n.k.i.DiagnosticsManager] --- SERVER STARTED START ---
2016-12-04 02:59:18.318+0000 INFO  [o.n.k.i.DiagnosticsManager] --- SERVER STARTED END ---
2016-12-04 03:17:06.846+0000 INFO  [o.n.k.i.a.i.IndexPopulationJob] Index population started: [:Farmaco(farmacoId) [provider: {key=lucene, version=1.0}]]
2016-12-04 03:17:07.011+0000 INFO  [o.n.k.i.a.i.IndexPopulationJob] Completed node store scan. Flushing all pending deletes.
BatchingMultipleIndexPopulator{activeTasks=0, executor=java.util.concurrent.ThreadPoolExecutor@209ec6f6[Running, pool size = 0, active threads = 0, queued tasks = 0, completed tasks = 0], batchedUpdates = [], queuedUpdates = 0}
2016-12-04 03:17:07.012+0000 INFO  [o.n.k.i.a.i.IndexPopulationJob] Shutting down executor.
BatchingMultipleIndexPopulator{activeTasks=0, executor=java.util.concurrent.ThreadPoolExecutor@209ec6f6[Running, pool size = 0, active threads = 0, queued tasks = 0, completed tasks = 0], batchedUpdates = [], queuedUpdates = 0}
2016-12-04 03:17:07.140+0000 INFO  [o.n.k.i.a.i.IndexPopulationJob] Index population completed. Index is now online: [:Farmaco(farmacoId) [provider: {key=lucene, version=1.0}]]
2016-12-04 03:17:07.140+0000 INFO  [o.n.k.i.a.KernelSchemaStateStore] Schema state store has been cleared.
2016-12-04 03:17:07.219+0000 INFO  [o.n.k.i.a.KernelSchemaStateStore] Schema state store has been cleared.
2016-12-04 03:17:16.223+0000 INFO  [o.n.k.i.t.l.c.CheckPointerImpl] Check Pointing triggered by scheduler for time threshold [5]:  Starting check pointing...
2016-12-04 03:17:16.223+0000 INFO  [o.n.k.i.t.l.c.CheckPointerImpl] Check Pointing triggered by scheduler for time threshold [5]:  Starting store flush...
2016-12-04 03:17:16.969+0000 INFO  [o.n.k.i.s.c.CountsTracker] About to rotate counts store at transaction 5 to [F:\wneo4j\db_neo4j\neostore.counts.db.b], from [F:\wneo4j\db_neo4j\neostore.counts.db.a].
2016-12-04 03:17:16.980+0000 INFO  [o.n.k.i.s.c.CountsTracker] Successfully rotated counts store at transaction 5 to [F:\wneo4j\db_neo4j\neostore.counts.db.b], from [F:\wneo4j\db_neo4j\neostore.counts.db.a].
2016-12-04 03:17:19.169+0000 INFO  [o.n.k.i.t.l.c.CheckPointerImpl] Check Pointing triggered by scheduler for time threshold [5]:  Store flush completed
2016-12-04 03:17:19.169+0000 INFO  [o.n.k.i.t.l.c.CheckPointerImpl] Check Pointing triggered by scheduler for time threshold [5]:  Starting appending check point entry into the tx log...
2016-12-04 03:17:19.245+0000 INFO  [o.n.k.i.t.l.c.CheckPointerImpl] Check Pointing triggered by scheduler for time threshold [5]:  Appending check point entry into the tx log completed
2016-12-04 03:17:19.245+0000 INFO  [o.n.k.i.t.l.c.CheckPointerImpl] Check Pointing triggered by scheduler for time threshold [5]:  Check pointing completed
2016-12-04 03:17:19.245+0000 INFO  [o.n.k.i.t.l.p.LogPruningImpl] Log Rotation [0]:  Starting log pruning.
2016-12-04 03:17:19.245+0000 INFO  [o.n.k.i.t.l.p.LogPruningImpl] Log Rotation [0]:  Log pruning complete.
2016-12-04 03:56:18.611+0000 WARN  [o.n.k.i.c.MonitorGc] GC Monitor: Application threads blocked for 753ms.
2016-12-04 03:57:19.974+0000 WARN  [o.n.k.i.c.MonitorGc] GC Monitor: Application threads blocked for 414ms.
2016-12-04 04:41:36.397+0000 INFO  [o.n.k.i.a.i.IndexPopulationJob] Index population started: [:Person(userId) [provider: {key=lucene, version=1.0}]]
2016-12-04 04:41:36.861+0000 INFO  [o.n.k.i.a.i.IndexPopulationJob] Completed node store scan. Flushing all pending deletes.
BatchingMultipleIndexPopulator{activeTasks=0, executor=java.util.concurrent.ThreadPoolExecutor@5240ca97[Running, pool size = 0, active threads = 0, queued tasks = 0, completed tasks = 0], batchedUpdates = [], queuedUpdates = 0}
2016-12-04 04:41:36.861+0000 INFO  [o.n.k.i.a.i.IndexPopulationJob] Shutting down executor.
BatchingMultipleIndexPopulator{activeTasks=0, executor=java.util.concurrent.ThreadPoolExecutor@5240ca97[Running, pool size = 0, active threads = 0, queued tasks = 0, completed tasks = 0], batchedUpdates = [], queuedUpdates = 0}
2016-12-04 04:41:37.023+0000 INFO  [o.n.k.i.a.i.IndexPopulationJob] Index population completed. Index is now online: [:Person(userId) [provider: {key=lucene, version=1.0}]]
2016-12-04 04:41:37.037+0000 INFO  [o.n.k.i.a.KernelSchemaStateStore] Schema state store has been cleared.
2016-12-04 04:41:37.062+0000 INFO  [o.n.k.i.a.KernelSchemaStateStore] Schema state store has been cleared.
2016-12-04 04:41:40.183+0000 INFO  [o.n.k.i.t.l.c.CheckPointerImpl] Check Pointing triggered by scheduler for time threshold [9]:  Starting check pointing...
2016-12-04 04:41:40.184+0000 INFO  [o.n.k.i.t.l.c.CheckPointerImpl] Check Pointing triggered by scheduler for time threshold [9]:  Starting store flush...
2016-12-04 04:41:40.334+0000 INFO  [o.n.k.i.s.c.CountsTracker] About to rotate counts store at transaction 9 to [F:\wneo4j\db_neo4j\neostore.counts.db.a], from [F:\wneo4j\db_neo4j\neostore.counts.db.b].
2016-12-04 04:41:40.415+0000 INFO  [o.n.k.i.s.c.CountsTracker] Successfully rotated counts store at transaction 9 to [F:\wneo4j\db_neo4j\neostore.counts.db.a], from [F:\wneo4j\db_neo4j\neostore.counts.db.b].
2016-12-04 04:41:40.763+0000 INFO  [o.n.k.i.t.l.c.CheckPointerImpl] Check Pointing triggered by scheduler for time threshold [9]:  Store flush completed
2016-12-04 04:41:40.763+0000 INFO  [o.n.k.i.t.l.c.CheckPointerImpl] Check Pointing triggered by scheduler for time threshold [9]:  Starting appending check point entry into the tx log...
2016-12-04 04:41:40.795+0000 INFO  [o.n.k.i.t.l.c.CheckPointerImpl] Check Pointing triggered by scheduler for time threshold [9]:  Appending check point entry into the tx log completed
2016-12-04 04:41:40.796+0000 INFO  [o.n.k.i.t.l.c.CheckPointerImpl] Check Pointing triggered by scheduler for time threshold [9]:  Check pointing completed
2016-12-04 04:41:40.796+0000 INFO  [o.n.k.i.t.l.p.LogPruningImpl] Log Rotation [0]:  Starting log pruning.
2016-12-04 04:41:40.796+0000 INFO  [o.n.k.i.t.l.p.LogPruningImpl] Log Rotation [0]:  Log pruning complete.
2016-12-04 04:42:08.212+0000 WARN  [o.n.k.i.c.MonitorGc] GC Monitor: Application threads blocked for 621ms.
2016-12-04 04:42:09.347+0000 INFO  [o.n.k.i.f.CommunityFacadeFactory] Shutdown started
2016-12-04 04:42:09.347+0000 INFO  [o.n.k.i.f.CommunityFacadeFactory] Database is now unavailable
2016-12-04 04:42:09.878+0000 INFO  [o.n.k.i.t.l.c.CheckPointerImpl] Check Pointing triggered by database shutdown [9]:  Starting check pointing...
2016-12-04 04:42:09.878+0000 INFO  [o.n.k.i.t.l.c.CheckPointerImpl] Check Pointing triggered by database shutdown [9]:  Starting store flush...
2016-12-04 04:42:11.084+0000 INFO  [o.n.k.i.t.l.c.CheckPointerImpl] Check Pointing triggered by database shutdown [9]:  Store flush completed
2016-12-04 04:42:11.084+0000 INFO  [o.n.k.i.t.l.c.CheckPointerImpl] Check Pointing triggered by database shutdown [9]:  Starting appending check point entry into the tx log...
2016-12-04 04:42:11.176+0000 INFO  [o.n.k.i.t.l.c.CheckPointerImpl] Check Pointing triggered by database shutdown [9]:  Appending check point entry into the tx log completed
2016-12-04 04:42:11.177+0000 INFO  [o.n.k.i.t.l.c.CheckPointerImpl] Check Pointing triggered by database shutdown [9]:  Check pointing completed
2016-12-04 04:42:11.177+0000 INFO  [o.n.k.i.t.l.p.LogPruningImpl] Log Rotation [0]:  Starting log pruning.
2016-12-04 04:42:11.177+0000 INFO  [o.n.k.i.t.l.p.LogPruningImpl] Log Rotation [0]:  Log pruning complete.
2016-12-04 04:42:16.481+0000 INFO  [o.n.k.i.DiagnosticsManager] --- STOPPING diagnostics START ---
2016-12-04 04:42:16.481+0000 INFO  [o.n.k.i.DiagnosticsManager] --- STOPPING diagnostics END ---
